  main.cpp
c:\users\arkad\documents\deadshot files\c++ programs\sfml\tests\mini_golf\mini_golf\ball.hpp(10): warning C4305: 'initializing': truncation from 'double' to 'float'
c:\users\arkad\documents\deadshot files\c++ programs\sfml\tests\mini_golf\mini_golf\ui.hpp(24): warning C4244: 'argument': conversion from 'T' to 'float', possible loss of data
          with
          [
              T=unsigned int
          ]
c:\users\arkad\documents\deadshot files\c++ programs\sfml\tests\mini_golf\mini_golf\ui.hpp(33): warning C4244: 'argument': conversion from 'float' to 'unsigned int', possible loss of data
c:\users\arkad\documents\deadshot files\c++ programs\sfml\tests\mini_golf\mini_golf\ui.hpp(37): warning C4244: 'argument': conversion from 'T' to 'float', possible loss of data
          with
          [
              T=unsigned int
          ]
c:\users\arkad\documents\deadshot files\c++ programs\sfml\tests\mini_golf\mini_golf\ui.hpp(40): warning C4244: 'argument': conversion from 'float' to 'unsigned int', possible loss of data
c:\users\arkad\documents\deadshot files\c++ programs\sfml\tests\mini_golf\mini_golf\ui.hpp(44): warning C4244: 'argument': conversion from 'T' to 'float', possible loss of data
          with
          [
              T=unsigned int
          ]
c:\users\arkad\documents\deadshot files\c++ programs\sfml\tests\mini_golf\mini_golf\ui.hpp(47): warning C4244: 'argument': conversion from 'float' to 'unsigned int', possible loss of data
c:\users\arkad\documents\deadshot files\c++ programs\sfml\tests\mini_golf\mini_golf\ui.hpp(50): warning C4244: 'argument': conversion from 'T' to 'float', possible loss of data
          with
          [
              T=unsigned int
          ]
c:\users\arkad\documents\deadshot files\c++ programs\sfml\tests\mini_golf\mini_golf\ui.hpp(53): warning C4244: 'argument': conversion from 'float' to 'unsigned int', possible loss of data
c:\users\arkad\documents\deadshot files\c++ programs\sfml\tests\mini_golf\mini_golf\ui.hpp(57): warning C4244: 'argument': conversion from 'T' to 'float', possible loss of data
          with
          [
              T=unsigned int
          ]
c:\users\arkad\documents\deadshot files\c++ programs\sfml\tests\mini_golf\mini_golf\ui.hpp(60): warning C4244: 'argument': conversion from 'float' to 'unsigned int', possible loss of data
c:\users\arkad\documents\deadshot files\c++ programs\sfml\tests\mini_golf\mini_golf\ui.hpp(63): warning C4244: 'argument': conversion from 'T' to 'float', possible loss of data
          with
          [
              T=unsigned int
          ]
c:\users\arkad\documents\deadshot files\c++ programs\sfml\tests\mini_golf\mini_golf\ui.hpp(66): warning C4244: 'argument': conversion from 'float' to 'unsigned int', possible loss of data
c:\users\arkad\documents\deadshot files\c++ programs\sfml\tests\mini_golf\mini_golf\ui.hpp(70): warning C4244: 'argument': conversion from 'T' to 'float', possible loss of data
          with
          [
              T=unsigned int
          ]
c:\users\arkad\documents\deadshot files\c++ programs\sfml\tests\mini_golf\mini_golf\ui.hpp(74): warning C4244: 'argument': conversion from 'float' to 'unsigned int', possible loss of data
c:\users\arkad\documents\deadshot files\c++ programs\sfml\tests\mini_golf\mini_golf\ui.hpp(78): warning C4244: 'argument': conversion from 'T' to 'float', possible loss of data
          with
          [
              T=unsigned int
          ]
c:\users\arkad\documents\deadshot files\c++ programs\sfml\tests\mini_golf\mini_golf\main.cpp(14): warning C4244: 'argument': conversion from 'time_t' to 'unsigned int', possible loss of data
c:\users\arkad\documents\deadshot files\c++ programs\sfml\tests\mini_golf\mini_golf\main.cpp(123): warning C4018: '<': signed/unsigned mismatch
c:\users\arkad\documents\deadshot files\c++ programs\sfml\tests\mini_golf\mini_golf\main.cpp(145): warning C4244: 'argument': conversion from 'T' to 'float', possible loss of data
          with
          [
              T=unsigned int
          ]
c:\users\arkad\documents\deadshot files\c++ programs\sfml\tests\mini_golf\mini_golf\main.cpp(152): warning C4244: 'argument': conversion from 'T' to 'float', possible loss of data
          with
          [
              T=unsigned int
          ]
c:\users\arkad\documents\deadshot files\c++ programs\sfml\tests\mini_golf\mini_golf\main.cpp(154): warning C4244: 'argument': conversion from 'T' to 'float', possible loss of data
          with
          [
              T=unsigned int
          ]
c:\users\arkad\documents\deadshot files\c++ programs\sfml\tests\mini_golf\mini_golf\main.cpp(156): warning C4244: 'argument': conversion from 'T' to 'float', possible loss of data
          with
          [
              T=unsigned int
          ]
c:\users\arkad\documents\deadshot files\c++ programs\sfml\tests\mini_golf\mini_golf\main.cpp(159): warning C4244: 'argument': conversion from 'T' to 'float', possible loss of data
          with
          [
              T=unsigned int
          ]
c:\users\arkad\documents\deadshot files\c++ programs\sfml\tests\mini_golf\mini_golf\main.cpp(164): warning C4244: 'argument': conversion from 'T' to 'float', possible loss of data
          with
          [
              T=unsigned int
          ]
c:\users\arkad\documents\deadshot files\c++ programs\sfml\tests\mini_golf\mini_golf\main.cpp(166): warning C4244: 'argument': conversion from 'T' to 'float', possible loss of data
          with
          [
              T=unsigned int
          ]
c:\users\arkad\documents\deadshot files\c++ programs\sfml\tests\mini_golf\mini_golf\main.cpp(168): warning C4244: 'argument': conversion from 'T' to 'float', possible loss of data
          with
          [
              T=unsigned int
          ]
  Mini_Golf.vcxproj -> C:\Users\arkad\Documents\DEADSHOT FILES\C++ Programs\SFML\TESTS\Mini_Golf\Debug\Mini_Golf.exe
